<?xml version="1.0" encoding="UTF-8"?>
<!-- Generated by org.testng.reporters.JUnitReportReporter -->
<testsuite hostname="DESKTOP-PAGM49O" failures="0" tests="7" name="Testcasses.TipTop_Testcases" time="34.119" errors="0" timestamp="2024-12-10T19:06:31 IST" skipped="0">
  <testcase classname="Testcasses.TipTop_Testcases" name="testDropdownSize" time="4.282"/>
  <system-out/>
  <testcase classname="Testcasses.TipTop_Testcases" name="testPageShowsReceivedTextAfterSubmit" time="5.736"/>
  <system-out/>
  <testcase classname="Testcasses.TipTop_Testcases" name="testFormDataPassedToURL" time="3.593"/>
  <system-out/>
  <testcase classname="Testcasses.TipTop_Testcases" name="testSubmitButtonEnabledWhenDataEntered" time="3.497"/>
  <system-out/>
  <testcase classname="Testcasses.TipTop_Testcases" name="TestDisabledTextInput" time="6.242"/>
  <system-out/>
  <testcase classname="Testcasses.TipTop_Testcases" name="testSubmitButtonDisabledWhenNoData" time="4.278"/>
  <system-out/>
  <testcase classname="Testcasses.TipTop_Testcases" name="TestReadonlyInput" time="6.491"/>
  <system-out/>
</testsuite> <!-- Testcasses.TipTop_Testcases -->
